This file contains any messages produced by compilers while
running configure, to aid debugging if configure makes a mistake.

It was created by PMEngined configure 0.1.0, which was
generated by GNU Autoconf 2.65.  Invocation command line was

  $ ./configure --no-create --no-recursion

## --------- ##
## Platform. ##
## --------- ##

hostname = vps11628.ovh.net
uname -m = x86_64
uname -r = 2.6.38.2-grsec-xxxx-grs-ipv6-64
uname -s = Linux
uname -v = #1 SMP Fri Apr 15 17:44:15 UTC 2011

/usr/bin/uname -p = AMD Opteron(tm) Processor 4122
/bin/uname -X     = unknown

/bin/arch              = x86_64
/usr/bin/arch -k       = x86_64
/usr/convex/getsysinfo = unknown
/usr/bin/hostinfo      = unknown
/bin/machine           = unknown
/usr/bin/oslevel       = unknown
/bin/universe          = unknown

PATH: /sbin
PATH: /bin
PATH: /usr/sbin
PATH: /usr/bin


## ----------- ##
## Core tests. ##
## ----------- ##

configure:2245: checking for a BSD-compatible install
configure:2313: result: /usr/bin/install -c
configure:2324: checking whether build environment is sane
configure:2374: result: yes
configure:2402: WARNING: `missing' script is too old or missing
configure:2515: checking for a thread-safe mkdir -p
configure:2554: result: /bin/mkdir -p
configure:2567: checking for gawk
configure:2583: found /bin/gawk
configure:2594: result: gawk
configure:2605: checking whether make sets $(MAKE)
configure:2627: result: yes
configure:2760: checking for gcc
configure:2776: found /usr/bin/gcc
configure:2787: result: gcc
configure:3016: checking for C compiler version
configure:3025: gcc --version >&5
gcc (GCC) 3.4.5 (Gentoo 3.4.5, ssp-3.4.5-1.0, pie-8.7.9)
Copyright (C) 2004 Free Software Foundation, Inc.
This is free software; see the source for copying conditions.  There is NO
warranty; not even for MERCHANTABILITY or FITNESS FOR A PARTICULAR PURPOSE.

configure:3036: $? = 0
configure:3025: gcc -v >&5
Reading specs from /usr/lib/gcc/x86_64-pc-linux-gnu/3.4.5/specs
Configured with: /var/tmp/portage/gcc-3.4.5/work/gcc-3.4.5/configure --prefix=/usr --bindir=/usr/x86_64-pc-linux-gnu/gcc-bin/3.4.5 --includedir=/usr/lib/gcc/x86_64-pc-linux-gnu/3.4.5/include --datadir=/usr/share/gcc-data/x86_64-pc-linux-gnu/3.4.5 --mandir=/usr/share/gcc-data/x86_64-pc-linux-gnu/3.4.5/man --infodir=/usr/share/gcc-data/x86_64-pc-linux-gnu/3.4.5/info --with-gxx-include-dir=/usr/lib/gcc/x86_64-pc-linux-gnu/3.4.5/include/g++-v3 --host=x86_64-pc-linux-gnu --build=x86_64-pc-linux-gnu --disable-altivec --enable-nls --without-included-gettext --with-system-zlib --disable-checking --disable-werror --disable-libunwind-exceptions --enable-multilib --disable-libgcj --enable-languages=c,c++,f77 --enable-shared --enable-threads=posix --enable-__cxa_atexit --enable-clocale=gnu
Thread model: posix
gcc version 3.4.5 (Gentoo 3.4.5, ssp-3.4.5-1.0, pie-8.7.9)
configure:3036: $? = 0
configure:3025: gcc -V >&5
gcc: `-V' option must have argument
configure:3036: $? = 1
configure:3025: gcc -qversion >&5
gcc: unrecognized option `-qversion'
gcc: no input files
configure:3036: $? = 1
configure:3056: checking whether the C compiler works
configure:3078: gcc    conftest.c  >&5
configure:3082: $? = 0
configure:3131: result: yes
configure:3134: checking for C compiler default output file name
configure:3136: result: a.out
configure:3142: checking for suffix of executables
configure:3149: gcc -o conftest    conftest.c  >&5
configure:3153: $? = 0
configure:3175: result: 
configure:3197: checking whether we are cross compiling
configure:3205: gcc -o conftest    conftest.c  >&5
configure:3209: $? = 0
configure:3216: ./conftest
configure:3220: $? = 0
configure:3235: result: no
configure:3240: checking for suffix of object files
configure:3262: gcc -c   conftest.c >&5
configure:3266: $? = 0
configure:3287: result: o
configure:3291: checking whether we are using the GNU C compiler
configure:3310: gcc -c   conftest.c >&5
configure:3310: $? = 0
configure:3319: result: yes
configure:3328: checking whether gcc accepts -g
configure:3348: gcc -c -g  conftest.c >&5
configure:3348: $? = 0
configure:3389: result: yes
configure:3406: checking for gcc option to accept ISO C89
configure:3470: gcc  -c -g -O2  conftest.c >&5
configure:3470: $? = 0
configure:3483: result: none needed
configure:3514: checking for style of include used by make
configure:3542: result: GNU
configure:3567: checking dependency style of gcc
configure:3677: result: gcc3
configure:3695: checking for bsc_new in -lbeanstalkclient
configure:3720: gcc -o conftest -g -O2   conftest.c -lbeanstalkclient   >&5
configure:3720: $? = 0
configure:3729: result: yes
configure:3743: checking for curl_global_init in -lcurl
configure:3768: gcc -o conftest -g -O2   conftest.c -lcurl  -lbeanstalkclient  >&5
configure:3768: $? = 0
configure:3777: result: yes
configure:3788: checking for SSL_library_init in -lssl
configure:3813: gcc -o conftest -g -O2   conftest.c -lssl  -lcurl -lbeanstalkclient  >&5
configure:3813: $? = 0
configure:3822: result: yes
configure:3840: checking how to run the C preprocessor
configure:3871: gcc -E  conftest.c
configure:3871: $? = 0
configure:3885: gcc -E  conftest.c
conftest.c:14:28: ac_nonexistent.h: No such file or directory
configure:3885: $? = 1
configure: failed program was:
| /* confdefs.h */
| #define PACKAGE_NAME "PMEngined"
| #define PACKAGE_TARNAME "pmengined"
| #define PACKAGE_VERSION "0.1.0"
| #define PACKAGE_STRING "PMEngined 0.1.0"
| #define PACKAGE_BUGREPORT ""
| #define PACKAGE_URL ""
| #define PACKAGE "pmengined"
| #define VERSION "0.1.0"
| #define HAVE_LIBBEANSTALKCLIENT 1
| #define HAVE_LIBCURL 1
| #define HAVE_LIBSSL 1
| /* end confdefs.h.  */
| #include <ac_nonexistent.h>
configure:3910: result: gcc -E
configure:3930: gcc -E  conftest.c
configure:3930: $? = 0
configure:3944: gcc -E  conftest.c
conftest.c:14:28: ac_nonexistent.h: No such file or directory
configure:3944: $? = 1
configure: failed program was:
| /* confdefs.h */
| #define PACKAGE_NAME "PMEngined"
| #define PACKAGE_TARNAME "pmengined"
| #define PACKAGE_VERSION "0.1.0"
| #define PACKAGE_STRING "PMEngined 0.1.0"
| #define PACKAGE_BUGREPORT ""
| #define PACKAGE_URL ""
| #define PACKAGE "pmengined"
| #define VERSION "0.1.0"
| #define HAVE_LIBBEANSTALKCLIENT 1
| #define HAVE_LIBCURL 1
| #define HAVE_LIBSSL 1
| /* end confdefs.h.  */
| #include <ac_nonexistent.h>
configure:3973: checking for grep that handles long lines and -e
configure:4031: result: /bin/grep
configure:4036: checking for egrep
configure:4098: result: /bin/grep -E
configure:4103: checking for ANSI C header files
configure:4123: gcc -c -g -O2  conftest.c >&5
configure:4123: $? = 0
configure:4196: gcc -o conftest -g -O2   conftest.c -lssl -lcurl -lbeanstalkclient  >&5
configure:4196: $? = 0
configure:4196: ./conftest
configure:4196: $? = 0
configure:4207: result: yes
configure:4220: checking for sys/types.h
configure:4220: gcc -c -g -O2  conftest.c >&5
configure:4220: $? = 0
configure:4220: result: yes
configure:4220: checking for sys/stat.h
configure:4220: gcc -c -g -O2  conftest.c >&5
configure:4220: $? = 0
configure:4220: result: yes
configure:4220: checking for stdlib.h
configure:4220: gcc -c -g -O2  conftest.c >&5
configure:4220: $? = 0
configure:4220: result: yes
configure:4220: checking for string.h
configure:4220: gcc -c -g -O2  conftest.c >&5
configure:4220: $? = 0
configure:4220: result: yes
configure:4220: checking for memory.h
configure:4220: gcc -c -g -O2  conftest.c >&5
configure:4220: $? = 0
configure:4220: result: yes
configure:4220: checking for strings.h
configure:4220: gcc -c -g -O2  conftest.c >&5
configure:4220: $? = 0
configure:4220: result: yes
configure:4220: checking for inttypes.h
configure:4220: gcc -c -g -O2  conftest.c >&5
configure:4220: $? = 0
configure:4220: result: yes
configure:4220: checking for stdint.h
configure:4220: gcc -c -g -O2  conftest.c >&5
configure:4220: $? = 0
configure:4220: result: yes
configure:4220: checking for unistd.h
configure:4220: gcc -c -g -O2  conftest.c >&5
configure:4220: $? = 0
configure:4220: result: yes
configure:4236: checking arpa/inet.h usability
configure:4236: gcc -c -g -O2  conftest.c >&5
configure:4236: $? = 0
configure:4236: result: yes
configure:4236: checking arpa/inet.h presence
configure:4236: gcc -E  conftest.c
configure:4236: $? = 0
configure:4236: result: yes
configure:4236: checking for arpa/inet.h
configure:4236: result: yes
configure:4236: checking fcntl.h usability
configure:4236: gcc -c -g -O2  conftest.c >&5
configure:4236: $? = 0
configure:4236: result: yes
configure:4236: checking fcntl.h presence
configure:4236: gcc -E  conftest.c
configure:4236: $? = 0
configure:4236: result: yes
configure:4236: checking for fcntl.h
configure:4236: result: yes
configure:4236: checking float.h usability
configure:4236: gcc -c -g -O2  conftest.c >&5
configure:4236: $? = 0
configure:4236: result: yes
configure:4236: checking float.h presence
configure:4236: gcc -E  conftest.c
configure:4236: $? = 0
configure:4236: result: yes
configure:4236: checking for float.h
configure:4236: result: yes
configure:4236: checking limits.h usability
configure:4236: gcc -c -g -O2  conftest.c >&5
configure:4236: $? = 0
configure:4236: result: yes
configure:4236: checking limits.h presence
configure:4236: gcc -E  conftest.c
configure:4236: $? = 0
configure:4236: result: yes
configure:4236: checking for limits.h
configure:4236: result: yes
configure:4236: checking netdb.h usability
configure:4236: gcc -c -g -O2  conftest.c >&5
configure:4236: $? = 0
configure:4236: result: yes
configure:4236: checking netdb.h presence
configure:4236: gcc -E  conftest.c
configure:4236: $? = 0
configure:4236: result: yes
configure:4236: checking for netdb.h
configure:4236: result: yes
configure:4236: checking netinet/in.h usability
configure:4236: gcc -c -g -O2  conftest.c >&5
configure:4236: $? = 0
configure:4236: result: yes
configure:4236: checking netinet/in.h presence
configure:4236: gcc -E  conftest.c
configure:4236: $? = 0
configure:4236: result: yes
configure:4236: checking for netinet/in.h
configure:4236: result: yes
configure:4236: checking for stdlib.h
configure:4236: result: yes
configure:4236: checking for string.h
configure:4236: result: yes
configure:4236: checking sys/socket.h usability
configure:4236: gcc -c -g -O2  conftest.c >&5
configure:4236: $? = 0
configure:4236: result: yes
configure:4236: checking sys/socket.h presence
configure:4236: gcc -E  conftest.c
configure:4236: $? = 0
configure:4236: result: yes
configure:4236: checking for sys/socket.h
configure:4236: result: yes
configure:4236: checking syslog.h usability
configure:4236: gcc -c -g -O2  conftest.c >&5
configure:4236: $? = 0
configure:4236: result: yes
configure:4236: checking syslog.h presence
configure:4236: gcc -E  conftest.c
configure:4236: $? = 0
configure:4236: result: yes
configure:4236: checking for syslog.h
configure:4236: result: yes
configure:4236: checking for unistd.h
configure:4236: result: yes
configure:4249: checking for stdbool.h that conforms to C99
configure:4334: gcc -c -g -O2  conftest.c >&5
configure:4334: $? = 0
configure:4341: result: yes
configure:4343: checking for _Bool
configure:4343: gcc -c -g -O2  conftest.c >&5
configure:4343: $? = 0
configure:4343: gcc -c -g -O2  conftest.c >&5
conftest.c: In function `main':
conftest.c:71: error: syntax error before ')' token
configure:4343: $? = 1
configure: failed program was:
| /* confdefs.h */
| #define PACKAGE_NAME "PMEngined"
| #define PACKAGE_TARNAME "pmengined"
| #define PACKAGE_VERSION "0.1.0"
| #define PACKAGE_STRING "PMEngined 0.1.0"
| #define PACKAGE_BUGREPORT ""
| #define PACKAGE_URL ""
| #define PACKAGE "pmengined"
| #define VERSION "0.1.0"
| #define HAVE_LIBBEANSTALKCLIENT 1
| #define HAVE_LIBCURL 1
| #define HAVE_LIBSSL 1
| #define STDC_HEADERS 1
| #define HAVE_SYS_TYPES_H 1
| #define HAVE_SYS_STAT_H 1
| #define HAVE_STDLIB_H 1
| #define HAVE_STRING_H 1
| #define HAVE_MEMORY_H 1
| #define HAVE_STRINGS_H 1
| #define HAVE_INTTYPES_H 1
| #define HAVE_STDINT_H 1
| #define HAVE_UNISTD_H 1
| #define HAVE_ARPA_INET_H 1
| #define HAVE_FCNTL_H 1
| #define HAVE_FLOAT_H 1
| #define HAVE_LIMITS_H 1
| #define HAVE_NETDB_H 1
| #define HAVE_NETINET_IN_H 1
| #define HAVE_STDLIB_H 1
| #define HAVE_STRING_H 1
| #define HAVE_SYS_SOCKET_H 1
| #define HAVE_SYSLOG_H 1
| #define HAVE_UNISTD_H 1
| /* end confdefs.h.  */
| #include <stdio.h>
| #ifdef HAVE_SYS_TYPES_H
| # include <sys/types.h>
| #endif
| #ifdef HAVE_SYS_STAT_H
| # include <sys/stat.h>
| #endif
| #ifdef STDC_HEADERS
| # include <stdlib.h>
| # include <stddef.h>
| #else
| # ifdef HAVE_STDLIB_H
| #  include <stdlib.h>
| # endif
| #endif
| #ifdef HAVE_STRING_H
| # if !defined STDC_HEADERS && defined HAVE_MEMORY_H
| #  include <memory.h>
| # endif
| # include <string.h>
| #endif
| #ifdef HAVE_STRINGS_H
| # include <strings.h>
| #endif
| #ifdef HAVE_INTTYPES_H
| # include <inttypes.h>
| #endif
| #ifdef HAVE_STDINT_H
| # include <stdint.h>
| #endif
| #ifdef HAVE_UNISTD_H
| # include <unistd.h>
| #endif
| int
| main ()
| {
| if (sizeof ((_Bool)))
| 	    return 0;
|   ;
|   return 0;
| }
configure:4343: result: yes
configure:4359: checking for pid_t
configure:4359: gcc -c -g -O2  conftest.c >&5
configure:4359: $? = 0
configure:4359: gcc -c -g -O2  conftest.c >&5
conftest.c: In function `main':
conftest.c:73: error: syntax error before ')' token
configure:4359: $? = 1
configure: failed program was:
| /* confdefs.h */
| #define PACKAGE_NAME "PMEngined"
| #define PACKAGE_TARNAME "pmengined"
| #define PACKAGE_VERSION "0.1.0"
| #define PACKAGE_STRING "PMEngined 0.1.0"
| #define PACKAGE_BUGREPORT ""
| #define PACKAGE_URL ""
| #define PACKAGE "pmengined"
| #define VERSION "0.1.0"
| #define HAVE_LIBBEANSTALKCLIENT 1
| #define HAVE_LIBCURL 1
| #define HAVE_LIBSSL 1
| #define STDC_HEADERS 1
| #define HAVE_SYS_TYPES_H 1
| #define HAVE_SYS_STAT_H 1
| #define HAVE_STDLIB_H 1
| #define HAVE_STRING_H 1
| #define HAVE_MEMORY_H 1
| #define HAVE_STRINGS_H 1
| #define HAVE_INTTYPES_H 1
| #define HAVE_STDINT_H 1
| #define HAVE_UNISTD_H 1
| #define HAVE_ARPA_INET_H 1
| #define HAVE_FCNTL_H 1
| #define HAVE_FLOAT_H 1
| #define HAVE_LIMITS_H 1
| #define HAVE_NETDB_H 1
| #define HAVE_NETINET_IN_H 1
| #define HAVE_STDLIB_H 1
| #define HAVE_STRING_H 1
| #define HAVE_SYS_SOCKET_H 1
| #define HAVE_SYSLOG_H 1
| #define HAVE_UNISTD_H 1
| #define HAVE__BOOL 1
| #define HAVE_STDBOOL_H 1
| /* end confdefs.h.  */
| #include <stdio.h>
| #ifdef HAVE_SYS_TYPES_H
| # include <sys/types.h>
| #endif
| #ifdef HAVE_SYS_STAT_H
| # include <sys/stat.h>
| #endif
| #ifdef STDC_HEADERS
| # include <stdlib.h>
| # include <stddef.h>
| #else
| # ifdef HAVE_STDLIB_H
| #  include <stdlib.h>
| # endif
| #endif
| #ifdef HAVE_STRING_H
| # if !defined STDC_HEADERS && defined HAVE_MEMORY_H
| #  include <memory.h>
| # endif
| # include <string.h>
| #endif
| #ifdef HAVE_STRINGS_H
| # include <strings.h>
| #endif
| #ifdef HAVE_INTTYPES_H
| # include <inttypes.h>
| #endif
| #ifdef HAVE_STDINT_H
| # include <stdint.h>
| #endif
| #ifdef HAVE_UNISTD_H
| # include <unistd.h>
| #endif
| int
| main ()
| {
| if (sizeof ((pid_t)))
| 	    return 0;
|   ;
|   return 0;
| }
configure:4359: result: yes
configure:4370: checking for size_t
configure:4370: gcc -c -g -O2  conftest.c >&5
configure:4370: $? = 0
configure:4370: gcc -c -g -O2  conftest.c >&5
conftest.c: In function `main':
conftest.c:73: error: syntax error before ')' token
configure:4370: $? = 1
configure: failed program was:
| /* confdefs.h */
| #define PACKAGE_NAME "PMEngined"
| #define PACKAGE_TARNAME "pmengined"
| #define PACKAGE_VERSION "0.1.0"
| #define PACKAGE_STRING "PMEngined 0.1.0"
| #define PACKAGE_BUGREPORT ""
| #define PACKAGE_URL ""
| #define PACKAGE "pmengined"
| #define VERSION "0.1.0"
| #define HAVE_LIBBEANSTALKCLIENT 1
| #define HAVE_LIBCURL 1
| #define HAVE_LIBSSL 1
| #define STDC_HEADERS 1
| #define HAVE_SYS_TYPES_H 1
| #define HAVE_SYS_STAT_H 1
| #define HAVE_STDLIB_H 1
| #define HAVE_STRING_H 1
| #define HAVE_MEMORY_H 1
| #define HAVE_STRINGS_H 1
| #define HAVE_INTTYPES_H 1
| #define HAVE_STDINT_H 1
| #define HAVE_UNISTD_H 1
| #define HAVE_ARPA_INET_H 1
| #define HAVE_FCNTL_H 1
| #define HAVE_FLOAT_H 1
| #define HAVE_LIMITS_H 1
| #define HAVE_NETDB_H 1
| #define HAVE_NETINET_IN_H 1
| #define HAVE_STDLIB_H 1
| #define HAVE_STRING_H 1
| #define HAVE_SYS_SOCKET_H 1
| #define HAVE_SYSLOG_H 1
| #define HAVE_UNISTD_H 1
| #define HAVE__BOOL 1
| #define HAVE_STDBOOL_H 1
| /* end confdefs.h.  */
| #include <stdio.h>
| #ifdef HAVE_SYS_TYPES_H
| # include <sys/types.h>
| #endif
| #ifdef HAVE_SYS_STAT_H
| # include <sys/stat.h>
| #endif
| #ifdef STDC_HEADERS
| # include <stdlib.h>
| # include <stddef.h>
| #else
| # ifdef HAVE_STDLIB_H
| #  include <stdlib.h>
| # endif
| #endif
| #ifdef HAVE_STRING_H
| # if !defined STDC_HEADERS && defined HAVE_MEMORY_H
| #  include <memory.h>
| # endif
| # include <string.h>
| #endif
| #ifdef HAVE_STRINGS_H
| # include <strings.h>
| #endif
| #ifdef HAVE_INTTYPES_H
| # include <inttypes.h>
| #endif
| #ifdef HAVE_STDINT_H
| # include <stdint.h>
| #endif
| #ifdef HAVE_UNISTD_H
| # include <unistd.h>
| #endif
| int
| main ()
| {
| if (sizeof ((size_t)))
| 	    return 0;
|   ;
|   return 0;
| }
configure:4370: result: yes
configure:4381: checking for uint16_t
configure:4381: gcc -c -g -O2  conftest.c >&5
configure:4381: $? = 0
configure:4381: result: yes
configure:4393: checking for uint8_t
configure:4393: gcc -c -g -O2  conftest.c >&5
configure:4393: $? = 0
configure:4393: result: yes
configure:4411: checking vfork.h usability
configure:4411: gcc -c -g -O2  conftest.c >&5
conftest.c:70:19: vfork.h: No such file or directory
configure:4411: $? = 1
configure: failed program was:
| /* confdefs.h */
| #define PACKAGE_NAME "PMEngined"
| #define PACKAGE_TARNAME "pmengined"
| #define PACKAGE_VERSION "0.1.0"
| #define PACKAGE_STRING "PMEngined 0.1.0"
| #define PACKAGE_BUGREPORT ""
| #define PACKAGE_URL ""
| #define PACKAGE "pmengined"
| #define VERSION "0.1.0"
| #define HAVE_LIBBEANSTALKCLIENT 1
| #define HAVE_LIBCURL 1
| #define HAVE_LIBSSL 1
| #define STDC_HEADERS 1
| #define HAVE_SYS_TYPES_H 1
| #define HAVE_SYS_STAT_H 1
| #define HAVE_STDLIB_H 1
| #define HAVE_STRING_H 1
| #define HAVE_MEMORY_H 1
| #define HAVE_STRINGS_H 1
| #define HAVE_INTTYPES_H 1
| #define HAVE_STDINT_H 1
| #define HAVE_UNISTD_H 1
| #define HAVE_ARPA_INET_H 1
| #define HAVE_FCNTL_H 1
| #define HAVE_FLOAT_H 1
| #define HAVE_LIMITS_H 1
| #define HAVE_NETDB_H 1
| #define HAVE_NETINET_IN_H 1
| #define HAVE_STDLIB_H 1
| #define HAVE_STRING_H 1
| #define HAVE_SYS_SOCKET_H 1
| #define HAVE_SYSLOG_H 1
| #define HAVE_UNISTD_H 1
| #define HAVE__BOOL 1
| #define HAVE_STDBOOL_H 1
| /* end confdefs.h.  */
| #include <stdio.h>
| #ifdef HAVE_SYS_TYPES_H
| # include <sys/types.h>
| #endif
| #ifdef HAVE_SYS_STAT_H
| # include <sys/stat.h>
| #endif
| #ifdef STDC_HEADERS
| # include <stdlib.h>
| # include <stddef.h>
| #else
| # ifdef HAVE_STDLIB_H
| #  include <stdlib.h>
| # endif
| #endif
| #ifdef HAVE_STRING_H
| # if !defined STDC_HEADERS && defined HAVE_MEMORY_H
| #  include <memory.h>
| # endif
| # include <string.h>
| #endif
| #ifdef HAVE_STRINGS_H
| # include <strings.h>
| #endif
| #ifdef HAVE_INTTYPES_H
| # include <inttypes.h>
| #endif
| #ifdef HAVE_STDINT_H
| # include <stdint.h>
| #endif
| #ifdef HAVE_UNISTD_H
| # include <unistd.h>
| #endif
| #include <vfork.h>
configure:4411: result: no
configure:4411: checking vfork.h presence
configure:4411: gcc -E  conftest.c
conftest.c:37:19: vfork.h: No such file or directory
configure:4411: $? = 1
configure: failed program was:
| /* confdefs.h */
| #define PACKAGE_NAME "PMEngined"
| #define PACKAGE_TARNAME "pmengined"
| #define PACKAGE_VERSION "0.1.0"
| #define PACKAGE_STRING "PMEngined 0.1.0"
| #define PACKAGE_BUGREPORT ""
| #define PACKAGE_URL ""
| #define PACKAGE "pmengined"
| #define VERSION "0.1.0"
| #define HAVE_LIBBEANSTALKCLIENT 1
| #define HAVE_LIBCURL 1
| #define HAVE_LIBSSL 1
| #define STDC_HEADERS 1
| #define HAVE_SYS_TYPES_H 1
| #define HAVE_SYS_STAT_H 1
| #define HAVE_STDLIB_H 1
| #define HAVE_STRING_H 1
| #define HAVE_MEMORY_H 1
| #define HAVE_STRINGS_H 1
| #define HAVE_INTTYPES_H 1
| #define HAVE_STDINT_H 1
| #define HAVE_UNISTD_H 1
| #define HAVE_ARPA_INET_H 1
| #define HAVE_FCNTL_H 1
| #define HAVE_FLOAT_H 1
| #define HAVE_LIMITS_H 1
| #define HAVE_NETDB_H 1
| #define HAVE_NETINET_IN_H 1
| #define HAVE_STDLIB_H 1
| #define HAVE_STRING_H 1
| #define HAVE_SYS_SOCKET_H 1
| #define HAVE_SYSLOG_H 1
| #define HAVE_UNISTD_H 1
| #define HAVE__BOOL 1
| #define HAVE_STDBOOL_H 1
| /* end confdefs.h.  */
| #include <vfork.h>
configure:4411: result: no
configure:4411: checking for vfork.h
configure:4411: result: no
configure:4424: checking for fork
configure:4424: gcc -o conftest -g -O2   conftest.c -lssl -lcurl -lbeanstalkclient  >&5
configure:4424: $? = 0
configure:4424: result: yes
configure:4424: checking for vfork
configure:4424: gcc -o conftest -g -O2   conftest.c -lssl -lcurl -lbeanstalkclient  >&5
configure:4424: $? = 0
configure:4424: result: yes
configure:4435: checking for working fork
configure:4457: gcc -o conftest -g -O2   conftest.c -lssl -lcurl -lbeanstalkclient  >&5
configure:4457: $? = 0
configure:4457: ./conftest
configure:4457: $? = 0
configure:4467: result: yes
configure:4488: checking for working vfork
configure:4598: result: yes
configure:4625: checking for stdlib.h
configure:4625: result: yes
configure:4635: checking for GNU libc compatible malloc
configure:4659: gcc -o conftest -g -O2   conftest.c -lssl -lcurl -lbeanstalkclient  >&5
configure:4659: $? = 0
configure:4659: ./conftest
configure:4659: $? = 0
configure:4669: result: yes
configure:4692: checking for stdlib.h
configure:4692: result: yes
configure:4702: checking for GNU libc compatible realloc
configure:4726: gcc -o conftest -g -O2   conftest.c -lssl -lcurl -lbeanstalkclient  >&5
configure:4726: $? = 0
configure:4726: ./conftest
configure:4726: $? = 0
configure:4736: result: yes
configure:4760: checking for bzero
configure:4760: gcc -o conftest -g -O2   conftest.c -lssl -lcurl -lbeanstalkclient  >&5
conftest.c:68: warning: conflicting types for built-in function 'bzero'
configure:4760: $? = 0
configure:4760: result: yes
configure:4760: checking for floor
configure:4760: gcc -o conftest -g -O2   conftest.c -lssl -lcurl -lbeanstalkclient  >&5
conftest.c:69: warning: conflicting types for built-in function 'floor'
/tmp/ccU2EJaE.o: In function `main':
/home/sebjal/apns-tests/PMEngined-0.1.0/conftest.c:80: undefined reference to `floor'
collect2: ld returned 1 exit status
configure:4760: $? = 1
configure: failed program was:
| /* confdefs.h */
| #define PACKAGE_NAME "PMEngined"
| #define PACKAGE_TARNAME "pmengined"
| #define PACKAGE_VERSION "0.1.0"
| #define PACKAGE_STRING "PMEngined 0.1.0"
| #define PACKAGE_BUGREPORT ""
| #define PACKAGE_URL ""
| #define PACKAGE "pmengined"
| #define VERSION "0.1.0"
| #define HAVE_LIBBEANSTALKCLIENT 1
| #define HAVE_LIBCURL 1
| #define HAVE_LIBSSL 1
| #define STDC_HEADERS 1
| #define HAVE_SYS_TYPES_H 1
| #define HAVE_SYS_STAT_H 1
| #define HAVE_STDLIB_H 1
| #define HAVE_STRING_H 1
| #define HAVE_MEMORY_H 1
| #define HAVE_STRINGS_H 1
| #define HAVE_INTTYPES_H 1
| #define HAVE_STDINT_H 1
| #define HAVE_UNISTD_H 1
| #define HAVE_ARPA_INET_H 1
| #define HAVE_FCNTL_H 1
| #define HAVE_FLOAT_H 1
| #define HAVE_LIMITS_H 1
| #define HAVE_NETDB_H 1
| #define HAVE_NETINET_IN_H 1
| #define HAVE_STDLIB_H 1
| #define HAVE_STRING_H 1
| #define HAVE_SYS_SOCKET_H 1
| #define HAVE_SYSLOG_H 1
| #define HAVE_UNISTD_H 1
| #define HAVE__BOOL 1
| #define HAVE_STDBOOL_H 1
| #define HAVE_FORK 1
| #define HAVE_VFORK 1
| #define HAVE_WORKING_VFORK 1
| #define HAVE_WORKING_FORK 1
| #define HAVE_STDLIB_H 1
| #define HAVE_MALLOC 1
| #define HAVE_STDLIB_H 1
| #define HAVE_REALLOC 1
| #define HAVE_BZERO 1
| /* end confdefs.h.  */
| /* Define floor to an innocuous variant, in case <limits.h> declares floor.
|    For example, HP-UX 11i <limits.h> declares gettimeofday.  */
| #define floor innocuous_floor
| 
| /* System header to define __stub macros and hopefully few prototypes,
|     which can conflict with char floor (); below.
|     Prefer <limits.h> to <assert.h> if __STDC__ is defined, since
|     <limits.h> exists even on freestanding compilers.  */
| 
| #ifdef __STDC__
| # include <limits.h>
| #else
| # include <assert.h>
| #endif
| 
| #undef floor
| 
| /* Override any GCC internal prototype to avoid an error.
|    Use char because int might match the return type of a GCC
|    builtin and then its argument prototype would still apply.  */
| #ifdef __cplusplus
| extern "C"
| #endif
| char floor ();
| /* The GNU C library defines this for functions which it implements
|     to always fail with ENOSYS.  Some functions are actually named
|     something starting with __ and the normal name is an alias.  */
| #if defined __stub_floor || defined __stub___floor
| choke me
| #endif
| 
| int
| main ()
| {
| return floor ();
|   ;
|   return 0;
| }
configure:4760: result: no
configure:4760: checking for gethostbyname
configure:4760: gcc -o conftest -g -O2   conftest.c -lssl -lcurl -lbeanstalkclient  >&5
configure:4760: $? = 0
configure:4760: result: yes
configure:4760: checking for inet_ntoa
configure:4760: gcc -o conftest -g -O2   conftest.c -lssl -lcurl -lbeanstalkclient  >&5
configure:4760: $? = 0
configure:4760: result: yes
configure:4760: checking for memset
configure:4760: gcc -o conftest -g -O2   conftest.c -lssl -lcurl -lbeanstalkclient  >&5
conftest.c:71: warning: conflicting types for built-in function 'memset'
configure:4760: $? = 0
configure:4760: result: yes
configure:4760: checking for pow
configure:4760: gcc -o conftest -g -O2   conftest.c -lssl -lcurl -lbeanstalkclient  >&5
conftest.c:72: warning: conflicting types for built-in function 'pow'
/tmp/ccpRnMFl.o: In function `main':
/home/sebjal/apns-tests/PMEngined-0.1.0/conftest.c:83: undefined reference to `pow'
collect2: ld returned 1 exit status
configure:4760: $? = 1
configure: failed program was:
| /* confdefs.h */
| #define PACKAGE_NAME "PMEngined"
| #define PACKAGE_TARNAME "pmengined"
| #define PACKAGE_VERSION "0.1.0"
| #define PACKAGE_STRING "PMEngined 0.1.0"
| #define PACKAGE_BUGREPORT ""
| #define PACKAGE_URL ""
| #define PACKAGE "pmengined"
| #define VERSION "0.1.0"
| #define HAVE_LIBBEANSTALKCLIENT 1
| #define HAVE_LIBCURL 1
| #define HAVE_LIBSSL 1
| #define STDC_HEADERS 1
| #define HAVE_SYS_TYPES_H 1
| #define HAVE_SYS_STAT_H 1
| #define HAVE_STDLIB_H 1
| #define HAVE_STRING_H 1
| #define HAVE_MEMORY_H 1
| #define HAVE_STRINGS_H 1
| #define HAVE_INTTYPES_H 1
| #define HAVE_STDINT_H 1
| #define HAVE_UNISTD_H 1
| #define HAVE_ARPA_INET_H 1
| #define HAVE_FCNTL_H 1
| #define HAVE_FLOAT_H 1
| #define HAVE_LIMITS_H 1
| #define HAVE_NETDB_H 1
| #define HAVE_NETINET_IN_H 1
| #define HAVE_STDLIB_H 1
| #define HAVE_STRING_H 1
| #define HAVE_SYS_SOCKET_H 1
| #define HAVE_SYSLOG_H 1
| #define HAVE_UNISTD_H 1
| #define HAVE__BOOL 1
| #define HAVE_STDBOOL_H 1
| #define HAVE_FORK 1
| #define HAVE_VFORK 1
| #define HAVE_WORKING_VFORK 1
| #define HAVE_WORKING_FORK 1
| #define HAVE_STDLIB_H 1
| #define HAVE_MALLOC 1
| #define HAVE_STDLIB_H 1
| #define HAVE_REALLOC 1
| #define HAVE_BZERO 1
| #define HAVE_GETHOSTBYNAME 1
| #define HAVE_INET_NTOA 1
| #define HAVE_MEMSET 1
| /* end confdefs.h.  */
| /* Define pow to an innocuous variant, in case <limits.h> declares pow.
|    For example, HP-UX 11i <limits.h> declares gettimeofday.  */
| #define pow innocuous_pow
| 
| /* System header to define __stub macros and hopefully few prototypes,
|     which can conflict with char pow (); below.
|     Prefer <limits.h> to <assert.h> if __STDC__ is defined, since
|     <limits.h> exists even on freestanding compilers.  */
| 
| #ifdef __STDC__
| # include <limits.h>
| #else
| # include <assert.h>
| #endif
| 
| #undef pow
| 
| /* Override any GCC internal prototype to avoid an error.
|    Use char because int might match the return type of a GCC
|    builtin and then its argument prototype would still apply.  */
| #ifdef __cplusplus
| extern "C"
| #endif
| char pow ();
| /* The GNU C library defines this for functions which it implements
|     to always fail with ENOSYS.  Some functions are actually named
|     something starting with __ and the normal name is an alias.  */
| #if defined __stub_pow || defined __stub___pow
| choke me
| #endif
| 
| int
| main ()
| {
| return pow ();
|   ;
|   return 0;
| }
configure:4760: result: no
configure:4760: checking for select
configure:4760: gcc -o conftest -g -O2   conftest.c -lssl -lcurl -lbeanstalkclient  >&5
configure:4760: $? = 0
configure:4760: result: yes
configure:4760: checking for socket
configure:4760: gcc -o conftest -g -O2   conftest.c -lssl -lcurl -lbeanstalkclient  >&5
configure:4760: $? = 0
configure:4760: result: yes
configure:4760: checking for strchr
configure:4760: gcc -o conftest -g -O2   conftest.c -lssl -lcurl -lbeanstalkclient  >&5
conftest.c:74: warning: conflicting types for built-in function 'strchr'
configure:4760: $? = 0
configure:4760: result: yes
configure:4760: checking for strtol
configure:4760: gcc -o conftest -g -O2   conftest.c -lssl -lcurl -lbeanstalkclient  >&5
configure:4760: $? = 0
configure:4760: result: yes
configure:4891: creating ./config.status

## ---------------- ##
## Cache variables. ##
## ---------------- ##

ac_cv_c_compiler_gnu=yes
ac_cv_c_uint16_t=yes
ac_cv_c_uint8_t=yes
ac_cv_env_CC_set=
ac_cv_env_CC_value=
ac_cv_env_CFLAGS_set=
ac_cv_env_CFLAGS_value=
ac_cv_env_CPPFLAGS_set=
ac_cv_env_CPPFLAGS_value=
ac_cv_env_CPP_set=
ac_cv_env_CPP_value=
ac_cv_env_LDFLAGS_set=
ac_cv_env_LDFLAGS_value=
ac_cv_env_LIBS_set=
ac_cv_env_LIBS_value=
ac_cv_env_build_alias_set=
ac_cv_env_build_alias_value=
ac_cv_env_host_alias_set=
ac_cv_env_host_alias_value=
ac_cv_env_target_alias_set=
ac_cv_env_target_alias_value=
ac_cv_func_bzero=yes
ac_cv_func_floor=no
ac_cv_func_fork=yes
ac_cv_func_fork_works=yes
ac_cv_func_gethostbyname=yes
ac_cv_func_inet_ntoa=yes
ac_cv_func_malloc_0_nonnull=yes
ac_cv_func_memset=yes
ac_cv_func_pow=no
ac_cv_func_realloc_0_nonnull=yes
ac_cv_func_select=yes
ac_cv_func_socket=yes
ac_cv_func_strchr=yes
ac_cv_func_strtol=yes
ac_cv_func_vfork=yes
ac_cv_func_vfork_works=yes
ac_cv_header_arpa_inet_h=yes
ac_cv_header_fcntl_h=yes
ac_cv_header_float_h=yes
ac_cv_header_inttypes_h=yes
ac_cv_header_limits_h=yes
ac_cv_header_memory_h=yes
ac_cv_header_netdb_h=yes
ac_cv_header_netinet_in_h=yes
ac_cv_header_stdbool_h=yes
ac_cv_header_stdc=yes
ac_cv_header_stdint_h=yes
ac_cv_header_stdlib_h=yes
ac_cv_header_string_h=yes
ac_cv_header_strings_h=yes
ac_cv_header_sys_socket_h=yes
ac_cv_header_sys_stat_h=yes
ac_cv_header_sys_types_h=yes
ac_cv_header_syslog_h=yes
ac_cv_header_unistd_h=yes
ac_cv_header_vfork_h=no
ac_cv_lib_beanstalkclient_bsc_new=yes
ac_cv_lib_curl_curl_global_init=yes
ac_cv_lib_ssl_SSL_library_init=yes
ac_cv_objext=o
ac_cv_path_EGREP='/bin/grep -E'
ac_cv_path_GREP=/bin/grep
ac_cv_path_install='/usr/bin/install -c'
ac_cv_path_mkdir=/bin/mkdir
ac_cv_prog_AWK=gawk
ac_cv_prog_CPP='gcc -E'
ac_cv_prog_ac_ct_CC=gcc
ac_cv_prog_cc_c89=
ac_cv_prog_cc_g=yes
ac_cv_prog_make_make_set=yes
ac_cv_type__Bool=yes
ac_cv_type_pid_t=yes
ac_cv_type_size_t=yes
am_cv_CC_dependencies_compiler_type=gcc3

## ----------------- ##
## Output variables. ##
## ----------------- ##

ACLOCAL='aclocal-1.11'
AMDEPBACKSLASH='\'
AMDEP_FALSE='#'
AMDEP_TRUE=''
AMTAR='tar'
AUTOCONF='autoconf'
AUTOHEADER='autoheader'
AUTOMAKE='automake-1.11'
AWK='gawk'
CC='gcc'
CCDEPMODE='depmode=gcc3'
CFLAGS='-g -O2'
CPP='gcc -E'
CPPFLAGS=''
CYGPATH_W='echo'
DEFS='-DHAVE_CONFIG_H'
DEPDIR='.deps'
ECHO_C=''
ECHO_N='-n'
ECHO_T=''
EGREP='/bin/grep -E'
EXEEXT=''
GREP='/bin/grep'
INSTALL_DATA='${INSTALL} -m 644'
INSTALL_PROGRAM='${INSTALL}'
INSTALL_SCRIPT='${INSTALL}'
INSTALL_STRIP_PROGRAM='$(install_sh) -c -s'
LDFLAGS=''
LIBOBJS=''
LIBS='-lssl -lcurl -lbeanstalkclient '
LTLIBOBJS=''
MAKEINFO='makeinfo'
MKDIR_P='/bin/mkdir -p'
OBJEXT='o'
PACKAGE='pmengined'
PACKAGE_BUGREPORT=''
PACKAGE_NAME='PMEngined'
PACKAGE_STRING='PMEngined 0.1.0'
PACKAGE_TARNAME='pmengined'
PACKAGE_URL=''
PACKAGE_VERSION='0.1.0'
PATH_SEPARATOR=':'
SET_MAKE=''
SHELL='/bin/sh'
STRIP=''
VERSION='0.1.0'
ac_ct_CC='gcc'
am__EXEEXT_FALSE=''
am__EXEEXT_TRUE='#'
am__fastdepCC_FALSE='#'
am__fastdepCC_TRUE=''
am__include='include'
am__isrc=''
am__leading_dot='.'
am__quote=''
am__tar='${AMTAR} chof - "$$tardir"'
am__untar='${AMTAR} xf -'
bindir='${exec_prefix}/bin'
build_alias=''
datadir='${datarootdir}'
datarootdir='${prefix}/share'
docdir='${datarootdir}/doc/${PACKAGE_TARNAME}'
dvidir='${docdir}'
exec_prefix='${prefix}'
host_alias=''
htmldir='${docdir}'
includedir='${prefix}/include'
infodir='${datarootdir}/info'
install_sh='${SHELL} /home/sebjal/apns-tests/PMEngined-0.1.0/install-sh'
libdir='${exec_prefix}/lib'
libexecdir='${exec_prefix}/libexec'
localedir='${datarootdir}/locale'
localstatedir='${prefix}/var'
mandir='${datarootdir}/man'
mkdir_p='/bin/mkdir -p'
oldincludedir='/usr/include'
pdfdir='${docdir}'
prefix='/usr/local'
program_transform_name='s,x,x,'
psdir='${docdir}'
sbindir='${exec_prefix}/sbin'
sharedstatedir='${prefix}/com'
sysconfdir='${prefix}/etc'
target_alias=''

## ----------- ##
## confdefs.h. ##
## ----------- ##

/* confdefs.h */
#define PACKAGE_NAME "PMEngined"
#define PACKAGE_TARNAME "pmengined"
#define PACKAGE_VERSION "0.1.0"
#define PACKAGE_STRING "PMEngined 0.1.0"
#define PACKAGE_BUGREPORT ""
#define PACKAGE_URL ""
#define PACKAGE "pmengined"
#define VERSION "0.1.0"
#define HAVE_LIBBEANSTALKCLIENT 1
#define HAVE_LIBCURL 1
#define HAVE_LIBSSL 1
#define STDC_HEADERS 1
#define HAVE_SYS_TYPES_H 1
#define HAVE_SYS_STAT_H 1
#define HAVE_STDLIB_H 1
#define HAVE_STRING_H 1
#define HAVE_MEMORY_H 1
#define HAVE_STRINGS_H 1
#define HAVE_INTTYPES_H 1
#define HAVE_STDINT_H 1
#define HAVE_UNISTD_H 1
#define HAVE_ARPA_INET_H 1
#define HAVE_FCNTL_H 1
#define HAVE_FLOAT_H 1
#define HAVE_LIMITS_H 1
#define HAVE_NETDB_H 1
#define HAVE_NETINET_IN_H 1
#define HAVE_STDLIB_H 1
#define HAVE_STRING_H 1
#define HAVE_SYS_SOCKET_H 1
#define HAVE_SYSLOG_H 1
#define HAVE_UNISTD_H 1
#define HAVE__BOOL 1
#define HAVE_STDBOOL_H 1
#define HAVE_FORK 1
#define HAVE_VFORK 1
#define HAVE_WORKING_VFORK 1
#define HAVE_WORKING_FORK 1
#define HAVE_STDLIB_H 1
#define HAVE_MALLOC 1
#define HAVE_STDLIB_H 1
#define HAVE_REALLOC 1
#define HAVE_BZERO 1
#define HAVE_GETHOSTBYNAME 1
#define HAVE_INET_NTOA 1
#define HAVE_MEMSET 1
#define HAVE_SELECT 1
#define HAVE_SOCKET 1
#define HAVE_STRCHR 1
#define HAVE_STRTOL 1

configure: exit 0

## ---------------------- ##
## Running config.status. ##
## ---------------------- ##

This file was extended by PMEngined config.status 0.1.0, which was
generated by GNU Autoconf 2.65.  Invocation command line was

  CONFIG_FILES    = 
  CONFIG_HEADERS  = 
  CONFIG_LINKS    = 
  CONFIG_COMMANDS = 
  $ ./config.status 

on vps11628.ovh.net

config.status:882: creating Makefile
config.status:882: creating config.h
config.status:1054: config.h is unchanged
config.status:1102: executing depfiles commands
